# JRE version: OpenJDK Runtime Environment (17.0.12+7) (build 17.0.12+7-Ubuntu-1ubuntu220.04)
# Java VM: OpenJDK 64-Bit Server VM (17.0.12+7-Ubuntu-1ubuntu220.04, mixed mode, sharing, tiered, compressed oops, compressed class ptrs, g1 gc, linux-amd64)
GC Precious Log:
 CPUs: 4 total, 4 available
 Memory: 7672M
 Large Page Support: Disabled
 NUMA Support: Disabled
 Compressed Oops: Enabled (32-bit)
 Heap Region Size: 1M
 Heap Min Capacity: 8M
 Heap Initial Capacity: 120M
 Heap Max Capacity: 1920M
 Pre-touch: Disabled
 Parallel Workers: 4
 Concurrent Workers: 1
 Concurrent Refinement Workers: 4
 Periodic GC: Disabled
Heap:
 garbage-first heap   total 55296K, used 39930K [0x0000000088000000, 0x0000000100000000)
  region size 1024K, 28 young (28672K), 2 survivors (2048K)
 Metaspace       used 26457K, committed 26752K, reserved 1114112K
  class space    used 3698K, committed 3840K, reserved 1048576K
GC Heap History (9 events):
Event: 2.076 GC heap before
{Heap before GC invocations=0 (full 0):
 garbage-first heap   total 124928K, used 14256K [0x0000000088000000, 0x0000000100000000)
  region size 1024K, 13 young (13312K), 0 survivors (0K)
 Metaspace       used 1975K, committed 2112K, reserved 1114112K
  class space    used 200K, committed 256K, reserved 1048576K
}
Event: 2.090 GC heap after
{Heap after GC invocations=1 (full 0):
 garbage-first heap   total 124928K, used 7332K [0x0000000088000000, 0x0000000100000000)
  region size 1024K, 2 young (2048K), 2 survivors (2048K)
 Metaspace       used 1975K, committed 2112K, reserved 1114112K
  class space    used 200K, committed 256K, reserved 1048576K
}
Event: 4.046 GC heap before
{Heap before GC invocations=1 (full 0):
 garbage-first heap   total 124928K, used 19620K [0x0000000088000000, 0x0000000100000000)
  region size 1024K, 14 young (14336K), 2 survivors (2048K)
 Metaspace       used 4923K, committed 5056K, reserved 1114112K
  class space    used 629K, committed 704K, reserved 1048576K
}
Event: 4.058 GC heap after
{Heap after GC invocations=2 (full 0):
 garbage-first heap   total 124928K, used 8205K [0x0000000088000000, 0x0000000100000000)
  region size 1024K, 1 young (1024K), 1 survivors (1024K)
 Metaspace       used 4923K, committed 5056K, reserved 1114112K
  class space    used 629K, committed 704K, reserved 1048576K
}
Event: 8.196 GC heap before
{Heap before GC invocations=2 (full 0):
 garbage-first heap   total 124928K, used 31757K [0x0000000088000000, 0x0000000100000000)
  region size 1024K, 24 young (24576K), 1 survivors (1024K)
 Metaspace       used 9999K, committed 10240K, reserved 1114112K
  class space    used 1274K, committed 1408K, reserved 1048576K
}
Event: 8.211 GC heap after
{Heap after GC invocations=3 (full 0):
 garbage-first heap   total 124928K, used 10169K [0x0000000088000000, 0x0000000100000000)
  region size 1024K, 3 young (3072K), 3 survivors (3072K)
 Metaspace       used 9999K, committed 10240K, reserved 1114112K
  class space    used 1274K, committed 1408K, reserved 1048576K
}
Event: 11.937 GC heap before
{Heap before GC invocations=3 (full 0):
 garbage-first heap   total 124928K, used 72633K [0x0000000088000000, 0x0000000100000000)
  region size 1024K, 65 young (66560K), 3 survivors (3072K)
 Metaspace       used 21266K, committed 21504K, reserved 1114112K
  class space    used 2792K, committed 2880K, reserved 1048576K
}
Event: 11.992 GC heap after
{Heap after GC invocations=4 (full 0):
 garbage-first heap   total 124928K, used 13306K [0x0000000088000000, 0x0000000100000000)
  region size 1024K, 6 young (6144K), 6 survivors (6144K)
 Metaspace       used 21266K, committed 21504K, reserved 1114112K
  class space    used 2792K, committed 2880K, reserved 1048576K
}
Event: 13.966 GC heap before
{Heap before GC invocations=5 (full 0):
 garbage-first heap   total 55296K, used 39930K [0x0000000088000000, 0x0000000100000000)
  region size 1024K, 32 young (32768K), 6 survivors (6144K)
 Metaspace       used 26457K, committed 26752K, reserved 1114112K
  class space    used 3698K, committed 3840K, reserved 1048576K
}

